{
  "0 debug pnpm:scope": {
    "selected": 1,
    "workspacePrefix": "/Users/user/Desktop/我的项目/special-low-code"
  },
  "1 error pnpm": {
    "errno": 1,
    "code": "ELIFECYCLE",
    "pkgid": "special-low-code@1.0.0",
    "stage": "dev:runtime",
    "script": "pnpm -C ./runtime dev",
    "pkgname": "special-low-code",
    "err": {
      "name": "pnpm",
      "message": "special-low-code@1.0.0 dev:runtime: `pnpm -C ./runtime dev`\nExit status 1",
      "code": "ELIFECYCLE",
      "stack": "pnpm: special-low-code@1.0.0 dev:runtime: `pnpm -C ./runtime dev`\nExit status 1\n    at EventEmitter.<anonymous> (/usr/local/lib/node_modules/pnpm/dist/pnpm.cjs:108610:20)\n    at EventEmitter.emit (events.js:375:28)\n    at ChildProcess.<anonymous> (/usr/local/lib/node_modules/pnpm/dist/pnpm.cjs:95176:18)\n    at ChildProcess.emit (events.js:375:28)\n    at maybeClose (internal/child_process.js:1055:16)\n    at Process.ChildProcess._handle.onexit (internal/child_process.js:288:5)"
    }
  }
}